<?xml version="1.0" encoding="UTF-8"?>
<!-- Generated by org.testng.reporters.JUnitReportReporter -->
<testsuite hostname="DESKTOP-LG2LKO2" failures="0" tests="1" name="testcase.logintestcase" time="5.317" errors="0" timestamp="04 Mar 2020 09:09:57 GMT" skipped="0">
  <testcase classname="testcase.logintestcase" name="loginApp" time="5.317"/>
</testsuite> <!-- testcase.logintestcase -->
